c:\users\vanessa\source\repos\projetoicg\projetoicg\debug\vc141.pdb
c:\users\vanessa\source\repos\projetoicg\projetoicg\debug\vc141.idb
c:\users\vanessa\source\repos\projetoicg\projetoicg\debug\projetoicg.obj
c:\users\vanessa\source\repos\projetoicg\projetoicg\debug\pointligth.obj
c:\users\vanessa\source\repos\projetoicg\projetoicg\debug\model.obj
c:\users\vanessa\source\repos\projetoicg\projetoicg\debug\drone.obj
c:\users\vanessa\source\repos\projetoicg\projetoicg\debug\box.obj
c:\users\vanessa\source\repos\projetoicg\debug\projetoicg.exe
c:\users\vanessa\source\repos\projetoicg\debug\projetoicg.ilk
c:\users\vanessa\source\repos\projetoicg\debug\projetoicg.pdb
c:\users\vanessa\source\repos\projetoicg\projetoicg\debug\projetoicg.res
c:\users\vanessa\source\repos\projetoicg\projetoicg\debug\projetoicg.obj.enc
c:\users\vanessa\source\repos\projetoicg\projetoicg\debug\projetoicg.tlog\cl.command.1.tlog
c:\users\vanessa\source\repos\projetoicg\projetoicg\debug\projetoicg.tlog\cl.read.1.tlog
c:\users\vanessa\source\repos\projetoicg\projetoicg\debug\projetoicg.tlog\cl.write.1.tlog
c:\users\vanessa\source\repos\projetoicg\projetoicg\debug\projetoicg.tlog\link.command.1.tlog
c:\users\vanessa\source\repos\projetoicg\projetoicg\debug\projetoicg.tlog\link.read.1.tlog
c:\users\vanessa\source\repos\projetoicg\projetoicg\debug\projetoicg.tlog\link.write.1.tlog
c:\users\vanessa\source\repos\projetoicg\projetoicg\debug\projetoicg.tlog\rc.command.1.tlog
c:\users\vanessa\source\repos\projetoicg\projetoicg\debug\projetoicg.tlog\rc.read.1.tlog
c:\users\vanessa\source\repos\projetoicg\projetoicg\debug\projetoicg.tlog\rc.write.1.tlog
